New log file opened at Fri Jun 19 20:14:33 CDT 2015 by 3149@mlewis-Precision-M4700
Taking next connection to: 55057
New client attempting to connect on port: 33066-55057
  Address = /127.0.1.1:55057
This client on port 33066 has uuid e28a5bd6-80e0-4bfd-ad4c-cba514d08695 configName activator humanReadableName Activator protocolVersion 3 featureTags Vector()
Connected Clients: activator-e28a5bd6-80e0-4bfd-ad4c-cba514d08695
Taking next connection to: 55057
Checking to see if clients are empty...
We have 1 non-daemon clients, continuing serving connections.
Taking next connection to: 55057
Checking to see if clients are empty...
We have 1 non-daemon clients, continuing serving connections.
Taking next connection to: 55057
Checking to see if clients are empty...
We have 1 non-daemon clients, continuing serving connections.
Taking next connection to: 55057
Checking to see if clients are empty...
We have 1 non-daemon clients, continuing serving connections.
Taking next connection to: 55057
Checking to see if clients are empty...
We have 1 non-daemon clients, continuing serving connections.
Taking next connection to: 55057
